2026-01-24T01:41:31: (node:1115024) Warning: Setting the NODE_TLS_REJECT_UNAUTHORIZED environment variable to '0' makes TLS connections and HTTPS requests insecure by disabling certificate verification.
2026-01-24T01:41:31: (Use `node --trace-warnings ...` to show where the warning was created)
2026-01-24T01:41:41: ❌ [HTTP] Operation cmkrl3r1v0001krk9rzjc72rk failed: please enter your 2FA verification Code.
2026-01-24T02:03:04: (node:1124841) Warning: Setting the NODE_TLS_REJECT_UNAUTHORIZED environment variable to '0' makes TLS connections and HTTPS requests insecure by disabling certificate verification.
2026-01-24T02:03:04: (Use `node --trace-warnings ...` to show where the warning was created)
2026-01-24T02:03:12: ❌ [HTTP] Operation cmkrlvgll0000yxk9a7fd6cfn failed: Login failed - invalid credentials
2026-01-24T14:04:22: (node:1152479) Warning: Setting the NODE_TLS_REJECT_UNAUTHORIZED environment variable to '0' makes TLS connections and HTTPS requests insecure by disabling certificate verification.
2026-01-24T14:04:22: (Use `node --trace-warnings ...` to show where the warning was created)
2026-01-24T14:04:39: ❌ [HTTP] Operation cmksbn22m0000buk9nr3hwob0 failed: Session expired (CAPTCHA challenge) - please login again
2026-01-24T15:58:01: (node:1160341) Warning: Setting the NODE_TLS_REJECT_UNAUTHORIZED environment variable to '0' makes TLS connections and HTTPS requests insecure by disabling certificate verification.
2026-01-24T15:58:01: (Use `node --trace-warnings ...` to show where the warning was created)
2026-01-24T15:58:20: ❌ [HTTP] Operation cmksfp8300000e4k9srt4552w failed: Session expired - please login again
2026-01-24T20:20:15: (node:1178709) Warning: Setting the NODE_TLS_REJECT_UNAUTHORIZED environment variable to '0' makes TLS connections and HTTPS requests insecure by disabling certificate verification.
2026-01-24T20:20:15: (Use `node --trace-warnings ...` to show where the warning was created)
2026-01-24T20:20:32: ❌ [HTTP] Operation cmksp2fth000aipk9dlcn4c7l failed: Session Expired - Login page with cached title
2026-01-24T20:22:15: ⚠️ All accounts are rate-limited, in cooldown, or locked
2026-01-24T20:22:15: ❌ [HTTP] Operation cmksp518n001sipk95q68kggs failed: NO_AVAILABLE_ACCOUNTS: لا توجد حسابات متاحة
2026-01-25T21:01:54: (node:1324825) Warning: Setting the NODE_TLS_REJECT_UNAUTHORIZED environment variable to '0' makes TLS connections and HTTPS requests insecure by disabling certificate verification.
2026-01-25T21:01:54: (Use `node --trace-warnings ...` to show where the warning was created)
2026-01-25T21:01:55: [HTTP] WARNING: ViewState appears invalid or missing (length: 0)
2026-01-25T21:01:55: [HTTP] WARNING: EventValidation is missing - POST requests may fail
2026-01-25T21:01:56: ❌ [HTTP] Operation cmku5zvba0000jfk9tjvzqfvf failed: Login failed - redirected to error page
2026-01-25T21:02:18: [HTTP] WARNING: ViewState appears invalid or missing (length: 0)
2026-01-25T21:02:18: [HTTP] WARNING: EventValidation is missing - POST requests may fail
2026-01-25T21:02:19: ❌ [HTTP] Operation cmku60df40002jfk9ttjgakbr failed: Login failed - redirected to error page
2026-01-25T22:22:42: ❌ [HTTP] Operation cmku8vs11001sjfk92sultk1e failed: Session Expired - Login page with cached title
2026-01-25T23:44:30: ⚠️ All accounts are rate-limited, in cooldown, or locked
2026-01-25T23:44:30: ❌ [HTTP] Operation cmkubszmc000lcpk9btq4ce43 failed: NO_AVAILABLE_ACCOUNTS: لا توجد حسابات متاحة
2026-01-25T23:45:56: ⚠️ All accounts are rate-limited, in cooldown, or locked
2026-01-25T23:45:56: ❌ [HTTP] Operation cmkubutpm000ucpk9eu1xtqm9 failed: NO_AVAILABLE_ACCOUNTS: لا توجد حسابات متاحة
2026-01-25T23:49:36: (node:1337516) Warning: Setting the NODE_TLS_REJECT_UNAUTHORIZED environment variable to '0' makes TLS connections and HTTPS requests insecure by disabling certificate verification.
2026-01-25T23:49:36: (Use `node --trace-warnings ...` to show where the warning was created)
2026-01-26T00:53:50: (node:1345719) Warning: Setting the NODE_TLS_REJECT_UNAUTHORIZED environment variable to '0' makes TLS connections and HTTPS requests insecure by disabling certificate verification.
2026-01-26T00:53:50: (Use `node --trace-warnings ...` to show where the warning was created)
2026-01-26T01:26:11: (node:1350731) Warning: Setting the NODE_TLS_REJECT_UNAUTHORIZED environment variable to '0' makes TLS connections and HTTPS requests insecure by disabling certificate verification.
2026-01-26T01:26:11: (Use `node --trace-warnings ...` to show where the warning was created)
2026-01-26T01:26:11: ❌ [HTTP] CHECK_ACCOUNT_BALANCE failed for cmkswre8z0001tpk9bemx2uhg: Login failed
2026-01-26T01:35:16: (node:1352468) Warning: Setting the NODE_TLS_REJECT_UNAUTHORIZED environment variable to '0' makes TLS connections and HTTPS requests insecure by disabling certificate verification.
2026-01-26T01:35:16: (Use `node --trace-warnings ...` to show where the warning was created)
2026-01-26T01:47:17: (node:1354524) Warning: Setting the NODE_TLS_REJECT_UNAUTHORIZED environment variable to '0' makes TLS connections and HTTPS requests insecure by disabling certificate verification.
2026-01-26T01:47:17: (Use `node --trace-warnings ...` to show where the warning was created)
2026-01-26T13:55:11: (node:1412872) Warning: Setting the NODE_TLS_REJECT_UNAUTHORIZED environment variable to '0' makes TLS connections and HTTPS requests insecure by disabling certificate verification.
2026-01-26T13:55:11: (Use `node --trace-warnings ...` to show where the warning was created)
2026-01-26T20:06:27: (node:1445225) Warning: Setting the NODE_TLS_REJECT_UNAUTHORIZED environment variable to '0' makes TLS connections and HTTPS requests insecure by disabling certificate verification.
2026-01-26T20:06:27: (Use `node --trace-warnings ...` to show where the warning was created)
2026-01-26T20:21:22: (node:1446735) Warning: Setting the NODE_TLS_REJECT_UNAUTHORIZED environment variable to '0' makes TLS connections and HTTPS requests insecure by disabling certificate verification.
2026-01-26T20:21:22: (Use `node --trace-warnings ...` to show where the warning was created)
2026-01-26T23:35:52: ⚠️ All accounts are rate-limited, in cooldown, or locked
2026-01-26T23:35:52: ❌ [HTTP] Operation cmkvqxqmk000on8k9zkl0882e failed: No beIN accounts available
2026-01-26T23:38:08: (node:1466209) Warning: Setting the NODE_TLS_REJECT_UNAUTHORIZED environment variable to '0' makes TLS connections and HTTPS requests insecure by disabling certificate verification.
2026-01-26T23:38:08: (Use `node --trace-warnings ...` to show where the warning was created)
2026-01-26T23:38:08: ❌ [HTTP] Operation cmkvr0n860017n8k9r47gubt6 failed: Session Expired - Login page with cached title
2026-01-27T03:27:43: (node:1519355) Warning: Setting the NODE_TLS_REJECT_UNAUTHORIZED environment variable to '0' makes TLS connections and HTTPS requests insecure by disabling certificate verification.
2026-01-27T03:27:43: (Use `node --trace-warnings ...` to show where the warning was created)
2026-01-27T03:27:44: ❌ [HTTP] CHECK_ACCOUNT_BALANCE failed for cmkswre8z0001tpk9bemx2uhg: Login failed
2026-01-27T12:26:24: [HTTP] Check card for signal error: Maximum number of redirects exceeded
2026-01-27T12:26:24: ❌ [HTTP] Operation cmkwig0pk001bdck9l71fnofb failed: Check failed: Maximum number of redirects exceeded
2026-01-27T12:29:34: [HTTP] Fetch balance error: Maximum number of redirects exceeded
2026-01-27T12:29:34: ❌ [HTTP] CHECK_ACCOUNT_BALANCE failed for cmkswre8z0001tpk9bemx2uhg: Fetch failed: Maximum number of redirects exceeded
2026-01-27T12:58:27: ❌ [HTTP] Operation cmkwjlsyl0038dck9uiwdw2bk failed: Session Expired - Login page with cached title
2026-01-27T18:42:53: (node:1585367) Warning: Setting the NODE_TLS_REJECT_UNAUTHORIZED environment variable to '0' makes TLS connections and HTTPS requests insecure by disabling certificate verification.
2026-01-27T18:42:53: (Use `node --trace-warnings ...` to show where the warning was created)
2026-01-27T19:55:03: ❌ [HTTP] Operation cmkwyh6ar002chqk9q2o3viln failed: No packages available for this card
2026-01-27T20:02:48: ⚠️ All accounts are rate-limited, in cooldown, or locked
2026-01-27T20:02:53: ⚠️ All accounts are rate-limited, in cooldown, or locked
2026-01-27T20:02:58: ⚠️ All accounts are rate-limited, in cooldown, or locked
2026-01-27T20:03:04: ⚠️ All accounts are rate-limited, in cooldown, or locked
2026-01-27T20:03:15: ⚠️ All accounts are rate-limited, in cooldown, or locked
2026-01-27T20:03:25: ⚠️ All accounts are rate-limited, in cooldown, or locked
2026-01-28T00:40:04: (node:1636141) Warning: Setting the NODE_TLS_REJECT_UNAUTHORIZED environment variable to '0' makes TLS connections and HTTPS requests insecure by disabling certificate verification.
2026-01-28T00:40:04: (Use `node --trace-warnings ...` to show where the warning was created)
2026-01-28T05:52:56: (node:1681334) Warning: Setting the NODE_TLS_REJECT_UNAUTHORIZED environment variable to '0' makes TLS connections and HTTPS requests insecure by disabling certificate verification.
2026-01-28T05:52:56: (Use `node --trace-warnings ...` to show where the warning was created)
2026-01-28T06:38:38: ❌ [worker-3] Worker error: Error: connect ETIMEDOUT
2026-01-28T06:38:38:     at Socket.<anonymous> (/www/wwwroot/deshpanel.com/worker/node_modules/ioredis/built/Redis.js:171:41)
2026-01-28T06:38:38:     at Object.onceWrapper (node:events:622:28)
2026-01-28T06:38:38:     at Socket.emit (node:events:508:28)
2026-01-28T06:38:38:     at Socket._onTimeout (node:net:604:8)
2026-01-28T06:38:38:     at listOnTimeout (node:internal/timers:605:17)
2026-01-28T06:38:38:     at process.processTimers (node:internal/timers:541:7) {
2026-01-28T06:38:38:   errorno: 'ETIMEDOUT',
2026-01-28T06:38:38:   code: 'ETIMEDOUT',
2026-01-28T06:38:38:   syscall: 'connect'
2026-01-28T06:38:38: }
2026-01-28T06:38:48: ❌ [worker-3] Worker error: Error: connect ETIMEDOUT
2026-01-28T06:38:48:     at Socket.<anonymous> (/www/wwwroot/deshpanel.com/worker/node_modules/ioredis/built/Redis.js:171:41)
2026-01-28T06:38:48:     at Object.onceWrapper (node:events:622:28)
2026-01-28T06:38:48:     at Socket.emit (node:events:508:28)
2026-01-28T06:38:48:     at Socket._onTimeout (node:net:604:8)
2026-01-28T06:38:48:     at listOnTimeout (node:internal/timers:605:17)
2026-01-28T06:38:48:     at process.processTimers (node:internal/timers:541:7) {
2026-01-28T06:38:48:   errorno: 'ETIMEDOUT',
2026-01-28T06:38:48:   code: 'ETIMEDOUT',
2026-01-28T06:38:48:   syscall: 'connect'
2026-01-28T06:38:48: }
2026-01-28T06:38:59: ❌ [worker-3] Worker error: Error: connect ETIMEDOUT
2026-01-28T06:38:59:     at Socket.<anonymous> (/www/wwwroot/deshpanel.com/worker/node_modules/ioredis/built/Redis.js:171:41)
2026-01-28T06:38:59:     at Object.onceWrapper (node:events:622:28)
2026-01-28T06:38:59:     at Socket.emit (node:events:508:28)
2026-01-28T06:38:59:     at Socket._onTimeout (node:net:604:8)
2026-01-28T06:38:59:     at listOnTimeout (node:internal/timers:605:17)
2026-01-28T06:38:59:     at process.processTimers (node:internal/timers:541:7) {
2026-01-28T06:38:59:   errorno: 'ETIMEDOUT',
2026-01-28T06:38:59:   code: 'ETIMEDOUT',
2026-01-28T06:38:59:   syscall: 'connect'
2026-01-28T06:38:59: }
2026-01-28T16:42:00: (node:67348) Warning: Setting the NODE_TLS_REJECT_UNAUTHORIZED environment variable to '0' makes TLS connections and HTTPS requests insecure by disabling certificate verification.
2026-01-28T16:42:00: (Use `node --trace-warnings ...` to show where the warning was created)
2026-01-28T19:33:10: ❌ [HTTP] Operation cmkyd56h700462jhylaj9jgn3 failed: Login failed - redirected to error page
2026-01-28T20:28:46: ❌ [HTTP] Operation cmkyf4ny9006i2jhyjlj2g997 failed: Login failed - redirected to error page
2026-01-29T06:08:13: (node:92680) Warning: Setting the NODE_TLS_REJECT_UNAUTHORIZED environment variable to '0' makes TLS connections and HTTPS requests insecure by disabling certificate verification.
2026-01-29T06:08:13: (Use `node --trace-warnings ...` to show where the warning was created)
2026-01-29T09:30:46: (node:150484) Warning: Setting the NODE_TLS_REJECT_UNAUTHORIZED environment variable to '0' makes TLS connections and HTTPS requests insecure by disabling certificate verification.
2026-01-29T09:30:46: (Use `node --trace-warnings ...` to show where the warning was created)
2026-01-29T09:30:49: ❌ [HTTP] CHECK_ACCOUNT_BALANCE failed for cmkswre8z0001tpk9bemx2uhg: Login failed
2026-01-29T17:02:03: (node:181581) Warning: Setting the NODE_TLS_REJECT_UNAUTHORIZED environment variable to '0' makes TLS connections and HTTPS requests insecure by disabling certificate verification.
2026-01-29T17:02:03: (Use `node --trace-warnings ...` to show where the warning was created)
2026-01-29T19:46:59: (node:213205) Warning: Setting the NODE_TLS_REJECT_UNAUTHORIZED environment variable to '0' makes TLS connections and HTTPS requests insecure by disabling certificate verification.
2026-01-29T19:46:59: (Use `node --trace-warnings ...` to show where the warning was created)
2026-01-30T14:31:57: (node:317823) Warning: Setting the NODE_TLS_REJECT_UNAUTHORIZED environment variable to '0' makes TLS connections and HTTPS requests insecure by disabling certificate verification.
2026-01-30T14:31:57: (Use `node --trace-warnings ...` to show where the warning was created)
2026-01-30T16:24:59: (node:332359) Warning: Setting the NODE_TLS_REJECT_UNAUTHORIZED environment variable to '0' makes TLS connections and HTTPS requests insecure by disabling certificate verification.
2026-01-30T16:24:59: (Use `node --trace-warnings ...` to show where the warning was created)
2026-01-30T21:00:44: (node:367076) Warning: Setting the NODE_TLS_REJECT_UNAUTHORIZED environment variable to '0' makes TLS connections and HTTPS requests insecure by disabling certificate verification.
2026-01-30T21:00:44: (Use `node --trace-warnings ...` to show where the warning was created)
2026-01-30T21:52:49: (node:375162) Warning: Setting the NODE_TLS_REJECT_UNAUTHORIZED environment variable to '0' makes TLS connections and HTTPS requests insecure by disabling certificate verification.
2026-01-30T21:52:49: (Use `node --trace-warnings ...` to show where the warning was created)
2026-01-31T19:44:08: ❌ [HTTP] Operation cml2nutg0005xkmhyu2n5cs9u failed: Login failed - redirected to error page
2026-01-31T22:17:28: ❌ [HTTP] Operation cml2tby78008jkmhy7hexya56 failed: Login failed - redirected to error page
2026-02-01T09:54:16: ❌ [HTTP] Operation cml3i81t500brkmhyvx888q2d failed: Login failed - redirected to error page
2026-02-01T11:09:31: ❌ [HTTP] Operation cml3kwrd100dekmhy44woi56m failed: Mobile number is required.Enter a valid mobile number.
2026-02-01T13:12:58: ❌ [HTTP] Operation cml3pbknm00e6kmhy5v489z9o failed: Mobile number is required.Enter a valid mobile number.
2026-02-01T13:13:51: ❌ [HTTP] Operation cml3pcnbl00eckmhyh6piz7iv failed: Mobile number is required.Enter a valid mobile number.
2026-02-01T14:57:53: (node:593452) Warning: Setting the NODE_TLS_REJECT_UNAUTHORIZED environment variable to '0' makes TLS connections and HTTPS requests insecure by disabling certificate verification.
2026-02-01T14:57:53: (Use `node --trace-warnings ...` to show where the warning was created)
2026-02-01T14:58:19: ❌ [HTTP] Operation cml3t2pdp0006zzhynlynlrho failed: Mobile number is required.Enter a valid mobile number.
2026-02-01T15:24:38: (node:594643) Warning: Setting the NODE_TLS_REJECT_UNAUTHORIZED environment variable to '0' makes TLS connections and HTTPS requests insecure by disabling certificate verification.
2026-02-01T15:24:38: (Use `node --trace-warnings ...` to show where the warning was created)
